Started GET "/" for ::1 at 2017-03-27 15:23:40 +1100
  
ActiveRecord::NoDatabaseError (FATAL:  database "lambtown_development" does not exist
):
  
activerecord (5.0.2) lib/active_record/connection_adapters/postgresql_adapter.rb:675:in `rescue in connect'
activerecord (5.0.2) lib/active_record/connection_adapters/postgresql_adapter.rb:671:in `connect'
activerecord (5.0.2) lib/active_record/connection_adapters/postgresql_adapter.rb:217:in `initialize'
activerecord (5.0.2) lib/active_record/connection_adapters/postgresql_adapter.rb:37:in `new'
activerecord (5.0.2) lib/active_record/connection_adapters/postgresql_adapter.rb:37:in `postgresql_connection'
activerecord (5.0.2) lib/active_record/connection_adapters/abstract/connection_pool.rb:729:in `new_connection'
activerecord (5.0.2) lib/active_record/connection_adapters/abstract/connection_pool.rb:773:in `checkout_new_connection'
activerecord (5.0.2) lib/active_record/connection_adapters/abstract/connection_pool.rb:752:in `try_to_checkout_new_connection'
activerecord (5.0.2) lib/active_record/connection_adapters/abstract/connection_pool.rb:713:in `acquire_connection'
activerecord (5.0.2) lib/active_record/connection_adapters/abstract/connection_pool.rb:490:in `checkout'
activerecord (5.0.2) lib/active_record/connection_adapters/abstract/connection_pool.rb:364:in `connection'
activerecord (5.0.2) lib/active_record/connection_adapters/abstract/connection_pool.rb:883:in `retrieve_connection'
activerecord (5.0.2) lib/active_record/connection_handling.rb:128:in `retrieve_connection'
activerecord (5.0.2) lib/active_record/connection_handling.rb:91:in `connection'
activerecord (5.0.2) lib/active_record/migration.rb:559:in `connection'
activerecord (5.0.2) lib/active_record/migration.rb:546:in `call'
actionpack (5.0.2) lib/action_dispatch/middleware/callbacks.rb:38:in `block in call'
activesupport (5.0.2) lib/active_support/callbacks.rb:97:in `__run_callbacks__'
activesupport (5.0.2) lib/active_support/callbacks.rb:750:in `_run_call_callbacks'
activesupport (5.0.2) lib/active_support/callbacks.rb:90:in `run_callbacks'
actionpack (5.0.2) lib/action_dispatch/middleware/callbacks.rb:36:in `call'
actionpack (5.0.2) lib/action_dispatch/middleware/executor.rb:12:in `call'
actionpack (5.0.2) lib/action_dispatch/middleware/remote_ip.rb:79:in `call'
actionpack (5.0.2) lib/action_dispatch/middleware/debug_exceptions.rb:49:in `call'
web-console (3.4.0) lib/web_console/middleware.rb:135:in `call_app'
web-console (3.4.0) lib/web_console/middleware.rb:28:in `block in call'
web-console (3.4.0) lib/web_console/middleware.rb:18:in `catch'
web-console (3.4.0) lib/web_console/middleware.rb:18:in `call'
actionpack (5.0.2) lib/action_dispatch/middleware/show_exceptions.rb:31:in `call'
railties (5.0.2) lib/rails/rack/logger.rb:36:in `call_app'
railties (5.0.2) lib/rails/rack/logger.rb:24:in `block in call'
activesupport (5.0.2) lib/active_support/tagged_logging.rb:69:in `block in tagged'
activesupport (5.0.2) lib/active_support/tagged_logging.rb:26:in `tagged'
activesupport (5.0.2) lib/active_support/tagged_logging.rb:69:in `tagged'
railties (5.0.2) lib/rails/rack/logger.rb:24:in `call'
sprockets-rails (3.2.0) lib/sprockets/rails/quiet_assets.rb:13:in `call'
actionpack (5.0.2) lib/action_dispatch/middleware/request_id.rb:24:in `call'
rack (2.0.1) lib/rack/method_override.rb:22:in `call'
rack (2.0.1) lib/rack/runtime.rb:22:in `call'
activesupport (5.0.2) lib/active_support/cache/strategy/local_cache_middleware.rb:28:in `call'
actionpack (5.0.2) lib/action_dispatch/middleware/executor.rb:12:in `call'
actionpack (5.0.2) lib/action_dispatch/middleware/static.rb:136:in `call'
rack (2.0.1) lib/rack/sendfile.rb:111:in `call'
railties (5.0.2) lib/rails/engine.rb:522:in `call'
puma (3.8.2) lib/puma/configuration.rb:224:in `call'
puma (3.8.2) lib/puma/server.rb:600:in `handle_request'
puma (3.8.2) lib/puma/server.rb:435:in `process_client'
puma (3.8.2) lib/puma/server.rb:299:in `block in run'
puma (3.8.2) lib/puma/thread_pool.rb:120:in `block in spawn_thread'
  Rendering /Users/damg99/.rvm/gems/ruby-2.4.0@rails500/gems/actionpack-5.0.2/lib/action_dispatch/middleware/templates/rescues/diagnostics.html.erb within rescues/layout
  Rendering /Users/damg99/.rvm/gems/ruby-2.4.0@rails500/gems/actionpack-5.0.2/lib/action_dispatch/middleware/templates/rescues/_source.html.erb
  Rendered /Users/damg99/.rvm/gems/ruby-2.4.0@rails500/gems/actionpack-5.0.2/lib/action_dispatch/middleware/templates/rescues/_source.html.erb (3.0ms)
  Rendering /Users/damg99/.rvm/gems/ruby-2.4.0@rails500/gems/actionpack-5.0.2/lib/action_dispatch/middleware/templates/rescues/_trace.html.erb
  Rendered /Users/damg99/.rvm/gems/ruby-2.4.0@rails500/gems/actionpack-5.0.2/lib/action_dispatch/middleware/templates/rescues/_trace.html.erb (1.3ms)
  Rendering /Users/damg99/.rvm/gems/ruby-2.4.0@rails500/gems/actionpack-5.0.2/lib/action_dispatch/middleware/templates/rescues/_request_and_response.html.erb
  Rendered /Users/damg99/.rvm/gems/ruby-2.4.0@rails500/gems/actionpack-5.0.2/lib/action_dispatch/middleware/templates/rescues/_request_and_response.html.erb (0.7ms)
  Rendered /Users/damg99/.rvm/gems/ruby-2.4.0@rails500/gems/actionpack-5.0.2/lib/action_dispatch/middleware/templates/rescues/diagnostics.html.erb within rescues/layout (84.5ms)
Started GET "/" for ::1 at 2017-03-27 15:32:44 +1100
  
ActiveRecord::PendingMigrationError (

Migrations are pending. To resolve this issue, run:

        bin/rails db:migrate RAILS_ENV=development

):
  
activerecord (5.0.2) lib/active_record/migration.rb:573:in `check_pending!'
activerecord (5.0.2) lib/active_record/migration.rb:549:in `call'
actionpack (5.0.2) lib/action_dispatch/middleware/callbacks.rb:38:in `block in call'
activesupport (5.0.2) lib/active_support/callbacks.rb:97:in `__run_callbacks__'
activesupport (5.0.2) lib/active_support/callbacks.rb:750:in `_run_call_callbacks'
activesupport (5.0.2) lib/active_support/callbacks.rb:90:in `run_callbacks'
actionpack (5.0.2) lib/action_dispatch/middleware/callbacks.rb:36:in `call'
actionpack (5.0.2) lib/action_dispatch/middleware/executor.rb:12:in `call'
actionpack (5.0.2) lib/action_dispatch/middleware/remote_ip.rb:79:in `call'
actionpack (5.0.2) lib/action_dispatch/middleware/debug_exceptions.rb:49:in `call'
web-console (3.4.0) lib/web_console/middleware.rb:135:in `call_app'
web-console (3.4.0) lib/web_console/middleware.rb:28:in `block in call'
web-console (3.4.0) lib/web_console/middleware.rb:18:in `catch'
web-console (3.4.0) lib/web_console/middleware.rb:18:in `call'
actionpack (5.0.2) lib/action_dispatch/middleware/show_exceptions.rb:31:in `call'
railties (5.0.2) lib/rails/rack/logger.rb:36:in `call_app'
railties (5.0.2) lib/rails/rack/logger.rb:24:in `block in call'
activesupport (5.0.2) lib/active_support/tagged_logging.rb:69:in `block in tagged'
activesupport (5.0.2) lib/active_support/tagged_logging.rb:26:in `tagged'
activesupport (5.0.2) lib/active_support/tagged_logging.rb:69:in `tagged'
railties (5.0.2) lib/rails/rack/logger.rb:24:in `call'
sprockets-rails (3.2.0) lib/sprockets/rails/quiet_assets.rb:13:in `call'
actionpack (5.0.2) lib/action_dispatch/middleware/request_id.rb:24:in `call'
rack (2.0.1) lib/rack/method_override.rb:22:in `call'
rack (2.0.1) lib/rack/runtime.rb:22:in `call'
activesupport (5.0.2) lib/active_support/cache/strategy/local_cache_middleware.rb:28:in `call'
actionpack (5.0.2) lib/action_dispatch/middleware/executor.rb:12:in `call'
actionpack (5.0.2) lib/action_dispatch/middleware/static.rb:136:in `call'
rack (2.0.1) lib/rack/sendfile.rb:111:in `call'
railties (5.0.2) lib/rails/engine.rb:522:in `call'
puma (3.8.2) lib/puma/configuration.rb:224:in `call'
puma (3.8.2) lib/puma/server.rb:600:in `handle_request'
puma (3.8.2) lib/puma/server.rb:435:in `process_client'
puma (3.8.2) lib/puma/server.rb:299:in `block in run'
puma (3.8.2) lib/puma/thread_pool.rb:120:in `block in spawn_thread'
  Rendering /Users/damg99/.rvm/gems/ruby-2.4.0@rails500/gems/actionpack-5.0.2/lib/action_dispatch/middleware/templates/rescues/diagnostics.html.erb within rescues/layout
  Rendering /Users/damg99/.rvm/gems/ruby-2.4.0@rails500/gems/actionpack-5.0.2/lib/action_dispatch/middleware/templates/rescues/_source.html.erb
  Rendered /Users/damg99/.rvm/gems/ruby-2.4.0@rails500/gems/actionpack-5.0.2/lib/action_dispatch/middleware/templates/rescues/_source.html.erb (3.2ms)
  Rendering /Users/damg99/.rvm/gems/ruby-2.4.0@rails500/gems/actionpack-5.0.2/lib/action_dispatch/middleware/templates/rescues/_trace.html.erb
  Rendered /Users/damg99/.rvm/gems/ruby-2.4.0@rails500/gems/actionpack-5.0.2/lib/action_dispatch/middleware/templates/rescues/_trace.html.erb (1.8ms)
  Rendering /Users/damg99/.rvm/gems/ruby-2.4.0@rails500/gems/actionpack-5.0.2/lib/action_dispatch/middleware/templates/rescues/_request_and_response.html.erb
  Rendered /Users/damg99/.rvm/gems/ruby-2.4.0@rails500/gems/actionpack-5.0.2/lib/action_dispatch/middleware/templates/rescues/_request_and_response.html.erb (0.7ms)
  Rendered /Users/damg99/.rvm/gems/ruby-2.4.0@rails500/gems/actionpack-5.0.2/lib/action_dispatch/middleware/templates/rescues/diagnostics.html.erb within rescues/layout (75.8ms)
  [1m[35m (20.1ms)[0m  [1m[35mCREATE TABLE "schema_migrations" ("version" character varying PRIMARY KEY)[0m
  [1m[35m (20.4ms)[0m  [1m[35mCREATE TABLE "ar_internal_metadata" ("key" character varying PRIMARY KEY, "value" character varying, "created_at" timestamp NOT NULL, "updated_at" timestamp NOT NULL)[0m
  [1m[35m (0.5ms)[0m  [1m[34mSELECT pg_try_advisory_lock(4404453393944909865);[0m
  [1m[36mActiveRecord::SchemaMigration Load (0.4ms)[0m  [1m[34mSELECT "schema_migrations".* FROM "schema_migrations"[0m
Migrating to DeviseCreateUsers (20170327030304)
  [1m[35m (0.2ms)[0m  [1m[35mBEGIN[0m
  [1m[35m (29.0ms)[0m  [1m[35mCREATE TABLE "users" ("id" serial primary key, "email" character varying DEFAULT '' NOT NULL, "encrypted_password" character varying DEFAULT '' NOT NULL, "reset_password_token" character varying, "reset_password_sent_at" timestamp, "remember_created_at" timestamp, "sign_in_count" integer DEFAULT 0 NOT NULL, "current_sign_in_at" timestamp, "last_sign_in_at" timestamp, "current_sign_in_ip" inet, "last_sign_in_ip" inet, "created_at" timestamp NOT NULL, "updated_at" timestamp NOT NULL)[0m
  [1m[35m (1.2ms)[0m  [1m[35mCREATE UNIQUE INDEX  "index_users_on_email" ON "users"  ("email")[0m
  [1m[35m (1.4ms)[0m  [1m[35mCREATE UNIQUE INDEX  "index_users_on_reset_password_token" ON "users"  ("reset_password_token")[0m
  [1m[35mSQL (1.8ms)[0m  [1m[32mINSERT INTO "schema_migrations" ("version") VALUES ($1) RETURNING "version"[0m  [["version", "20170327030304"]]
  [1m[35m (0.3ms)[0m  [1m[35mCOMMIT[0m
Migrating to CreatePosts (20170327030432)
  [1m[35m (0.5ms)[0m  [1m[35mBEGIN[0m
  [1m[35m (5.3ms)[0m  [1m[35mCREATE TABLE "posts" ("id" serial primary key, "title" character varying, "content" text, "user_id" integer, "created_at" timestamp NOT NULL, "updated_at" timestamp NOT NULL, CONSTRAINT "fk_rails_5b5ddfd518"
FOREIGN KEY ("user_id")
  REFERENCES "users" ("id")
)[0m
  [1m[35m (1.3ms)[0m  [1m[35mCREATE  INDEX  "index_posts_on_user_id" ON "posts"  ("user_id")[0m
  [1m[35mSQL (0.2ms)[0m  [1m[32mINSERT INTO "schema_migrations" ("version") VALUES ($1) RETURNING "version"[0m  [["version", "20170327030432"]]
  [1m[35m (0.4ms)[0m  [1m[35mCOMMIT[0m
Migrating to CreateComments (20170327033814)
  [1m[35m (0.5ms)[0m  [1m[35mBEGIN[0m
  [1m[35m (4.8ms)[0m  [1m[35mCREATE TABLE "comments" ("id" serial primary key, "content" text, "post_id" integer, "user_id" integer, "created_at" timestamp NOT NULL, "updated_at" timestamp NOT NULL, CONSTRAINT "fk_rails_2fd19c0db7"
FOREIGN KEY ("post_id")
  REFERENCES "posts" ("id")
, CONSTRAINT "fk_rails_03de2dc08c"
FOREIGN KEY ("user_id")
  REFERENCES "users" ("id")
)[0m
  [1m[35m (0.9ms)[0m  [1m[35mCREATE  INDEX  "index_comments_on_post_id" ON "comments"  ("post_id")[0m
  [1m[35m (1.2ms)[0m  [1m[35mCREATE  INDEX  "index_comments_on_user_id" ON "comments"  ("user_id")[0m
  [1m[35mSQL (0.2ms)[0m  [1m[32mINSERT INTO "schema_migrations" ("version") VALUES ($1) RETURNING "version"[0m  [["version", "20170327033814"]]
  [1m[35m (0.4ms)[0m  [1m[35mCOMMIT[0m
  [1m[36mActiveRecord::InternalMetadata Load (0.5ms)[0m  [1m[34mSELECT  "ar_internal_metadata".* FROM "ar_internal_metadata" WHERE "ar_internal_metadata"."key" = $1 LIMIT $2[0m  [["key", :environment], ["LIMIT", 1]]
  [1m[35m (0.1ms)[0m  [1m[35mBEGIN[0m
  [1m[35mSQL (1.2ms)[0m  [1m[32mINSERT INTO "ar_internal_metadata" ("key", "value", "created_at", "updated_at") VALUES ($1, $2, $3, $4) RETURNING "key"[0m  [["key", "environment"], ["value", "development"], ["created_at", 2017-03-27 04:33:48 UTC], ["updated_at", 2017-03-27 04:33:48 UTC]]
  [1m[35m (0.4ms)[0m  [1m[35mCOMMIT[0m
  [1m[35m (0.2ms)[0m  [1m[34mSELECT pg_advisory_unlock(4404453393944909865)[0m
  [1m[36mActiveRecord::SchemaMigration Load (0.1ms)[0m  [1m[34mSELECT "schema_migrations".* FROM "schema_migrations"[0m
Started GET "/" for ::1 at 2017-03-27 15:34:22 +1100
  [1m[36mActiveRecord::SchemaMigration Load (0.5ms)[0m  [1m[34mSELECT "schema_migrations".* FROM "schema_migrations"[0m
Processing by PagesController#home as HTML
Completed 401 Unauthorized in 26ms (ActiveRecord: 0.0ms)


Started GET "/users/sign_in" for ::1 at 2017-03-27 15:34:23 +1100
Processing by Devise::SessionsController#new as HTML
  Rendering /Users/damg99/.rvm/gems/ruby-2.4.0@rails500/gems/devise-4.2.0/app/views/devise/sessions/new.html.erb within layouts/application
  Rendered /Users/damg99/.rvm/gems/ruby-2.4.0@rails500/gems/devise-4.2.0/app/views/devise/shared/_links.html.erb (1.1ms)
  Rendered /Users/damg99/.rvm/gems/ruby-2.4.0@rails500/gems/devise-4.2.0/app/views/devise/sessions/new.html.erb within layouts/application (36.9ms)
Completed 200 OK in 748ms (Views: 726.5ms | ActiveRecord: 2.9ms)


Started POST "/users/sign_in" for ::1 at 2017-03-27 15:34:45 +1100
Processing by Devise::SessionsController#create as HTML
  Parameters: {"utf8"=>"✓", "authenticity_token"=>"TroVza9ea8WcLjRLZNqkdvVQK9kPT4nU6jKLraWFrrjFWcylLPxwxXIYvvkS8Cp6ngbviFebVgTztJlpu2roLg==", "user"=>{"email"=>"dan.martin", "password"=>"[FILTERED]", "remember_me"=>"0"}, "commit"=>"Log in"}
  [1m[36mUser Load (1.0ms)[0m  [1m[34mSELECT  "users".* FROM "users" WHERE "users"."email" = $1 ORDER BY "users"."id" ASC LIMIT $2[0m  [["email", "dan.martin"], ["LIMIT", 1]]
Completed 401 Unauthorized in 5ms (ActiveRecord: 1.0ms)


Processing by Devise::SessionsController#new as HTML
  Parameters: {"utf8"=>"✓", "authenticity_token"=>"TroVza9ea8WcLjRLZNqkdvVQK9kPT4nU6jKLraWFrrjFWcylLPxwxXIYvvkS8Cp6ngbviFebVgTztJlpu2roLg==", "user"=>{"email"=>"dan.martin", "password"=>"[FILTERED]", "remember_me"=>"0"}, "commit"=>"Log in"}
  Rendering /Users/damg99/.rvm/gems/ruby-2.4.0@rails500/gems/devise-4.2.0/app/views/devise/sessions/new.html.erb within layouts/application
  Rendered /Users/damg99/.rvm/gems/ruby-2.4.0@rails500/gems/devise-4.2.0/app/views/devise/shared/_links.html.erb (0.8ms)
  Rendered /Users/damg99/.rvm/gems/ruby-2.4.0@rails500/gems/devise-4.2.0/app/views/devise/sessions/new.html.erb within layouts/application (5.0ms)
Completed 200 OK in 205ms (Views: 47.1ms | ActiveRecord: 0.0ms)


Started GET "/users/sign_up" for ::1 at 2017-03-27 15:34:52 +1100
Processing by Devise::RegistrationsController#new as HTML
  Rendering /Users/damg99/.rvm/gems/ruby-2.4.0@rails500/gems/devise-4.2.0/app/views/devise/registrations/new.html.erb within layouts/application
  Rendered /Users/damg99/.rvm/gems/ruby-2.4.0@rails500/gems/devise-4.2.0/app/views/devise/shared/_links.html.erb (0.9ms)
  Rendered /Users/damg99/.rvm/gems/ruby-2.4.0@rails500/gems/devise-4.2.0/app/views/devise/registrations/new.html.erb within layouts/application (5.5ms)
Completed 200 OK in 37ms (Views: 36.1ms | ActiveRecord: 0.0ms)


Started POST "/users" for ::1 at 2017-03-27 15:35:14 +1100
Processing by Devise::RegistrationsController#create as HTML
  Parameters: {"utf8"=>"✓", "authenticity_token"=>"/N3VtIfKCXvOTCfTRKzfJUiSkuAmwCnKPgR/yEatmBAC0uituSI2snpnylC7co6XjLuazsjl57oI8UeOUwdAFg==", "user"=>{"email"=>"dan.martin99@me.com", "password"=>"[FILTERED]", "password_confirmation"=>"[FILTERED]"}, "commit"=>"Sign up"}
  [1m[35m (0.2ms)[0m  [1m[35mBEGIN[0m
  [1m[36mUser Exists (0.9ms)[0m  [1m[34mSELECT  1 AS one FROM "users" WHERE "users"."email" = $1 LIMIT $2[0m  [["email", "dan.martin99@me.com"], ["LIMIT", 1]]
  [1m[35mSQL (12.4ms)[0m  [1m[32mINSERT INTO "users" ("email", "encrypted_password", "created_at", "updated_at") VALUES ($1, $2, $3, $4) RETURNING "id"[0m  [["email", "dan.martin99@me.com"], ["encrypted_password", "$2a$11$/sXsXofTIg7HCk/qe1azwemReYpFdOwhwsdxqDFDTfqgr02VjG6UK"], ["created_at", 2017-03-27 04:35:14 UTC], ["updated_at", 2017-03-27 04:35:14 UTC]]
  [1m[35m (6.0ms)[0m  [1m[35mCOMMIT[0m
  [1m[35m (0.1ms)[0m  [1m[35mBEGIN[0m
  [1m[35mSQL (2.7ms)[0m  [1m[33mUPDATE "users" SET "sign_in_count" = $1, "current_sign_in_at" = $2, "last_sign_in_at" = $3, "current_sign_in_ip" = $4, "last_sign_in_ip" = $5, "updated_at" = $6 WHERE "users"."id" = $7[0m  [["sign_in_count", 1], ["current_sign_in_at", 2017-03-27 04:35:14 UTC], ["last_sign_in_at", 2017-03-27 04:35:14 UTC], ["current_sign_in_ip", "::1/128"], ["last_sign_in_ip", "::1/128"], ["updated_at", 2017-03-27 04:35:14 UTC], ["id", 1]]
  [1m[35m (0.4ms)[0m  [1m[35mCOMMIT[0m
Redirected to http://localhost:3000/
Completed 302 Found in 182ms (ActiveRecord: 22.6ms)


Started GET "/" for ::1 at 2017-03-27 15:35:14 +1100
Processing by PagesController#home as HTML
  [1m[36mUser Load (1.3ms)[0m  [1m[34mSELECT  "users".* FROM "users" WHERE "users"."id" = $1 ORDER BY "users"."id" ASC LIMIT $2[0m  [["id", 1], ["LIMIT", 1]]
  Rendering pages/home.html.erb within layouts/application
  Rendered pages/home.html.erb within layouts/application (0.5ms)
Completed 200 OK in 32ms (Views: 26.2ms | ActiveRecord: 1.3ms)


Started GET "/posts" for ::1 at 2017-03-27 15:35:18 +1100
Processing by PostsController#index as HTML
  [1m[36mUser Load (1.0ms)[0m  [1m[34mSELECT  "users".* FROM "users" WHERE "users"."id" = $1 ORDER BY "users"."id" ASC LIMIT $2[0m  [["id", 1], ["LIMIT", 1]]
  Rendering posts/index.html.erb within layouts/application
  [1m[36mPost Load (0.6ms)[0m  [1m[34mSELECT "posts".* FROM "posts"[0m
  Rendered posts/index.html.erb within layouts/application (4.9ms)
Completed 200 OK in 61ms (Views: 35.9ms | ActiveRecord: 3.6ms)


Started GET "/posts/new" for ::1 at 2017-03-27 15:35:20 +1100
Processing by PostsController#new as HTML
  [1m[36mUser Load (0.6ms)[0m  [1m[34mSELECT  "users".* FROM "users" WHERE "users"."id" = $1 ORDER BY "users"."id" ASC LIMIT $2[0m  [["id", 1], ["LIMIT", 1]]
  Rendering posts/new.html.erb within layouts/application
  Rendered posts/_form.html.erb (4.8ms)
  Rendered posts/new.html.erb within layouts/application (7.1ms)
Completed 200 OK in 46ms (Views: 32.1ms | ActiveRecord: 3.4ms)


Started POST "/posts" for ::1 at 2017-03-27 15:35:47 +1100
Processing by PostsController#create as HTML
  Parameters: {"utf8"=>"✓", "authenticity_token"=>"F3zpOvdCXI5GZQcFsIDXdVxXm4DLI9fC+0hBNqRfESAxcNFfNN4OxQYcPaAMH63xXM/1L8LvcORE3dP9ijZ1tQ==", "post"=>{"title"=>"this is a 1st post", "content"=>"yahoo it seems to work"}, "commit"=>"Create Post"}
  [1m[36mUser Load (0.3ms)[0m  [1m[34mSELECT  "users".* FROM "users" WHERE "users"."id" = $1 ORDER BY "users"."id" ASC LIMIT $2[0m  [["id", 1], ["LIMIT", 1]]
  [1m[35m (0.1ms)[0m  [1m[35mBEGIN[0m
  [1m[36mUser Load (0.2ms)[0m  [1m[34mSELECT  "users".* FROM "users" WHERE "users"."id" = $1 LIMIT $2[0m  [["id", 1], ["LIMIT", 1]]
  [1m[35mSQL (25.6ms)[0m  [1m[32mINSERT INTO "posts" ("title", "content", "user_id", "created_at", "updated_at") VALUES ($1, $2, $3, $4, $5) RETURNING "id"[0m  [["title", "this is a 1st post"], ["content", "yahoo it seems to work"], ["user_id", 1], ["created_at", 2017-03-27 04:35:47 UTC], ["updated_at", 2017-03-27 04:35:47 UTC]]
  [1m[35m (0.6ms)[0m  [1m[35mCOMMIT[0m
Redirected to http://localhost:3000/posts
Completed 302 Found in 62ms (ActiveRecord: 27.0ms)


Started GET "/posts" for ::1 at 2017-03-27 15:35:47 +1100
Processing by PostsController#index as HTML
  [1m[36mUser Load (0.4ms)[0m  [1m[34mSELECT  "users".* FROM "users" WHERE "users"."id" = $1 ORDER BY "users"."id" ASC LIMIT $2[0m  [["id", 1], ["LIMIT", 1]]
  Rendering posts/index.html.erb within layouts/application
  [1m[36mPost Load (0.5ms)[0m  [1m[34mSELECT "posts".* FROM "posts"[0m
  [1m[36mUser Load (0.2ms)[0m  [1m[34mSELECT  "users".* FROM "users" WHERE "users"."id" = $1 LIMIT $2[0m  [["id", 1], ["LIMIT", 1]]
  Rendered posts/index.html.erb within layouts/application (4.8ms)
Completed 200 OK in 43ms (Views: 38.3ms | ActiveRecord: 1.3ms)


Started GET "/posts/1" for ::1 at 2017-03-27 15:35:53 +1100
Processing by PostsController#show as HTML
  Parameters: {"id"=>"1"}
  [1m[36mUser Load (0.3ms)[0m  [1m[34mSELECT  "users".* FROM "users" WHERE "users"."id" = $1 ORDER BY "users"."id" ASC LIMIT $2[0m  [["id", 1], ["LIMIT", 1]]
  [1m[36mPost Load (0.3ms)[0m  [1m[34mSELECT  "posts".* FROM "posts" WHERE "posts"."id" = $1 LIMIT $2[0m  [["id", 1], ["LIMIT", 1]]
  Rendering posts/show.html.erb within layouts/application
  [1m[36mUser Load (0.3ms)[0m  [1m[34mSELECT  "users".* FROM "users" WHERE "users"."id" = $1 LIMIT $2[0m  [["id", 1], ["LIMIT", 1]]
  Rendered comments/_form.html.erb (4.5ms)
  [1m[36mComment Load (0.5ms)[0m  [1m[34mSELECT "comments".* FROM "comments" WHERE "comments"."post_id" = $1[0m  [["post_id", 1]]
  Rendered posts/show.html.erb within layouts/application (12.3ms)
Completed 200 OK in 77ms (Views: 33.8ms | ActiveRecord: 4.1ms)


Started POST "/comments" for ::1 at 2017-03-27 15:35:56 +1100
Processing by CommentsController#create as HTML
  Parameters: {"utf8"=>"✓", "authenticity_token"=>"1G7nbBeI0CkwZ2n8uJwbO5oyoWmWgPbg2CubKHEmAxOEX8hPUAOmsfTag+mdzrsMKNQtDF4FWEWaW7x0jihVew==", "comment"=>{"content"=>"", "post_id"=>"1"}, "commit"=>"Create Comment"}
  [1m[36mUser Load (0.3ms)[0m  [1m[34mSELECT  "users".* FROM "users" WHERE "users"."id" = $1 ORDER BY "users"."id" ASC LIMIT $2[0m  [["id", 1], ["LIMIT", 1]]
  [1m[35m (0.1ms)[0m  [1m[35mBEGIN[0m
  [1m[36mPost Load (0.2ms)[0m  [1m[34mSELECT  "posts".* FROM "posts" WHERE "posts"."id" = $1 LIMIT $2[0m  [["id", 1], ["LIMIT", 1]]
  [1m[36mUser Load (0.2ms)[0m  [1m[34mSELECT  "users".* FROM "users" WHERE "users"."id" = $1 LIMIT $2[0m  [["id", 1], ["LIMIT", 1]]
  [1m[35mSQL (0.8ms)[0m  [1m[32mINSERT INTO "comments" ("content", "post_id", "user_id", "created_at", "updated_at") VALUES ($1, $2, $3, $4, $5) RETURNING "id"[0m  [["content", ""], ["post_id", 1], ["user_id", 1], ["created_at", 2017-03-27 04:35:56 UTC], ["updated_at", 2017-03-27 04:35:56 UTC]]
  [1m[35m (1.6ms)[0m  [1m[35mCOMMIT[0m
Redirected to http://localhost:3000/comments/1
Completed 302 Found in 11ms (ActiveRecord: 3.2ms)


Started GET "/comments/1" for ::1 at 2017-03-27 15:35:56 +1100
Processing by CommentsController#show as HTML
  Parameters: {"id"=>"1"}
  [1m[36mUser Load (0.3ms)[0m  [1m[34mSELECT  "users".* FROM "users" WHERE "users"."id" = $1 ORDER BY "users"."id" ASC LIMIT $2[0m  [["id", 1], ["LIMIT", 1]]
  [1m[36mComment Load (0.3ms)[0m  [1m[34mSELECT  "comments".* FROM "comments" WHERE "comments"."id" = $1 LIMIT $2[0m  [["id", 1], ["LIMIT", 1]]
  Rendering comments/show.html.erb within layouts/application
  [1m[36mPost Load (0.4ms)[0m  [1m[34mSELECT  "posts".* FROM "posts" WHERE "posts"."id" = $1 LIMIT $2[0m  [["id", 1], ["LIMIT", 1]]
  [1m[36mUser Load (0.4ms)[0m  [1m[34mSELECT  "users".* FROM "users" WHERE "users"."id" = $1 LIMIT $2[0m  [["id", 1], ["LIMIT", 1]]
  Rendered comments/show.html.erb within layouts/application (4.2ms)
Completed 200 OK in 32ms (Views: 27.2ms | ActiveRecord: 1.4ms)


  [1m[35m (12.0ms)[0m  [1m[34mSELECT pg_try_advisory_lock(4404453393944909865);[0m
  [1m[36mActiveRecord::SchemaMigration Load (25.3ms)[0m  [1m[34mSELECT "schema_migrations".* FROM "schema_migrations"[0m
  [1m[36mActiveRecord::InternalMetadata Load (10.6ms)[0m  [1m[34mSELECT  "ar_internal_metadata".* FROM "ar_internal_metadata" WHERE "ar_internal_metadata"."key" = $1 LIMIT $2[0m  [["key", :environment], ["LIMIT", 1]]
  [1m[35m (0.1ms)[0m  [1m[35mBEGIN[0m
  [1m[35m (0.1ms)[0m  [1m[35mCOMMIT[0m
  [1m[35m (0.2ms)[0m  [1m[34mSELECT pg_advisory_unlock(4404453393944909865)[0m
  [1m[36mActiveRecord::SchemaMigration Load (0.2ms)[0m  [1m[34mSELECT "schema_migrations".* FROM "schema_migrations"[0m
Started GET "/" for ::1 at 2017-03-28 10:24:28 +1100
  [1m[36mActiveRecord::SchemaMigration Load (22.8ms)[0m  [1m[34mSELECT "schema_migrations".* FROM "schema_migrations"[0m
Processing by PagesController#home as HTML
Completed 401 Unauthorized in 29ms (ActiveRecord: 0.0ms)


Started GET "/users/sign_in" for ::1 at 2017-03-28 10:24:28 +1100
Processing by Devise::SessionsController#new as HTML
  Rendering /Users/damg99/.rvm/gems/ruby-2.4.0@rails500/gems/devise-4.2.1/app/views/devise/sessions/new.html.erb within layouts/application
  Rendered /Users/damg99/.rvm/gems/ruby-2.4.0@rails500/gems/devise-4.2.1/app/views/devise/shared/_links.html.erb (3.1ms)
  Rendered /Users/damg99/.rvm/gems/ruby-2.4.0@rails500/gems/devise-4.2.1/app/views/devise/sessions/new.html.erb within layouts/application (45.2ms)
Completed 200 OK in 540ms (Views: 495.9ms | ActiveRecord: 18.2ms)


Started GET "/users/sign_up" for ::1 at 2017-03-28 10:24:46 +1100
Processing by Devise::RegistrationsController#new as HTML
  Rendering /Users/damg99/.rvm/gems/ruby-2.4.0@rails500/gems/devise-4.2.1/app/views/devise/registrations/new.html.erb within layouts/application
  Rendered /Users/damg99/.rvm/gems/ruby-2.4.0@rails500/gems/devise-4.2.1/app/views/devise/shared/_links.html.erb (1.1ms)
  Rendered /Users/damg99/.rvm/gems/ruby-2.4.0@rails500/gems/devise-4.2.1/app/views/devise/registrations/new.html.erb within layouts/application (6.1ms)
Completed 200 OK in 35ms (Views: 34.0ms | ActiveRecord: 0.0ms)


Started GET "/users/auth/github" for ::1 at 2017-03-28 10:25:26 +1100
Started GET "/users/auth/github" for ::1 at 2017-03-28 10:25:30 +1100
Started GET "/users/auth/github/callback?code=e51c01435cf090c5681f&state=b1052ff12ba4b65ea580931244b29982b511c439bb2d8eb7" for ::1 at 2017-03-28 10:25:44 +1100
Processing by CallbacksController#github as HTML
  Parameters: {"code"=>"e51c01435cf090c5681f", "state"=>"b1052ff12ba4b65ea580931244b29982b511c439bb2d8eb7"}
  [1m[36mUser Load (22.0ms)[0m  [1m[34mSELECT  "users".* FROM "users" WHERE "users"."provider" = $1 AND "users"."uid" = $2 ORDER BY "users"."id" ASC LIMIT $3[0m  [["provider", "github"], ["uid", "24868986"], ["LIMIT", 1]]
Completed 500 Internal Server Error in 24ms (ActiveRecord: 22.0ms)


  
ActiveRecord::StatementInvalid (PG::UndefinedColumn: ERROR:  column users.provider does not exist
LINE 1: SELECT  "users".* FROM "users" WHERE "users"."provider" = $1...
                                             ^
: SELECT  "users".* FROM "users" WHERE "users"."provider" = $1 AND "users"."uid" = $2 ORDER BY "users"."id" ASC LIMIT $3):
  
app/models/user.rb:8:in `from_omniauth'
app/controllers/callbacks_controller.rb:3:in `github'
  Rendering /Users/damg99/.rvm/gems/ruby-2.4.0@rails500/gems/actionpack-5.0.2/lib/action_dispatch/middleware/templates/rescues/diagnostics.html.erb within rescues/layout
  Rendering /Users/damg99/.rvm/gems/ruby-2.4.0@rails500/gems/actionpack-5.0.2/lib/action_dispatch/middleware/templates/rescues/_source.html.erb
  Rendered /Users/damg99/.rvm/gems/ruby-2.4.0@rails500/gems/actionpack-5.0.2/lib/action_dispatch/middleware/templates/rescues/_source.html.erb (4.5ms)
  Rendering /Users/damg99/.rvm/gems/ruby-2.4.0@rails500/gems/actionpack-5.0.2/lib/action_dispatch/middleware/templates/rescues/_trace.html.erb
  Rendered /Users/damg99/.rvm/gems/ruby-2.4.0@rails500/gems/actionpack-5.0.2/lib/action_dispatch/middleware/templates/rescues/_trace.html.erb (2.7ms)
  Rendering /Users/damg99/.rvm/gems/ruby-2.4.0@rails500/gems/actionpack-5.0.2/lib/action_dispatch/middleware/templates/rescues/_request_and_response.html.erb
  Rendered /Users/damg99/.rvm/gems/ruby-2.4.0@rails500/gems/actionpack-5.0.2/lib/action_dispatch/middleware/templates/rescues/_request_and_response.html.erb (0.9ms)
  Rendered /Users/damg99/.rvm/gems/ruby-2.4.0@rails500/gems/actionpack-5.0.2/lib/action_dispatch/middleware/templates/rescues/diagnostics.html.erb within rescues/layout (77.4ms)
Started POST "/__web_console/repl_sessions/ce0c17b42f7d04621acc7776587f44fe/trace" for ::1 at 2017-03-28 11:28:32 +1100
  [1m[35m (0.4ms)[0m  [1m[34mSELECT pg_try_advisory_lock(4404453393944909865);[0m
  [1m[36mActiveRecord::SchemaMigration Load (0.4ms)[0m  [1m[34mSELECT "schema_migrations".* FROM "schema_migrations"[0m
  [1m[36mActiveRecord::InternalMetadata Load (17.9ms)[0m  [1m[34mSELECT  "ar_internal_metadata".* FROM "ar_internal_metadata" WHERE "ar_internal_metadata"."key" = $1 LIMIT $2[0m  [["key", :environment], ["LIMIT", 1]]
  [1m[35m (0.1ms)[0m  [1m[35mBEGIN[0m
  [1m[35m (0.1ms)[0m  [1m[35mCOMMIT[0m
  [1m[35m (0.2ms)[0m  [1m[34mSELECT pg_advisory_unlock(4404453393944909865)[0m
  [1m[36mActiveRecord::SchemaMigration Load (0.2ms)[0m  [1m[34mSELECT "schema_migrations".* FROM "schema_migrations"[0m
  [1m[35m (0.2ms)[0m  [1m[34mSELECT pg_try_advisory_lock(4404453393944909865);[0m
  [1m[36mActiveRecord::SchemaMigration Load (0.4ms)[0m  [1m[34mSELECT "schema_migrations".* FROM "schema_migrations"[0m
  [1m[36mActiveRecord::InternalMetadata Load (0.4ms)[0m  [1m[34mSELECT  "ar_internal_metadata".* FROM "ar_internal_metadata" WHERE "ar_internal_metadata"."key" = $1 LIMIT $2[0m  [["key", :environment], ["LIMIT", 1]]
  [1m[35m (0.1ms)[0m  [1m[35mBEGIN[0m
  [1m[35m (0.1ms)[0m  [1m[35mCOMMIT[0m
  [1m[35m (0.2ms)[0m  [1m[34mSELECT pg_advisory_unlock(4404453393944909865)[0m
  [1m[36mActiveRecord::SchemaMigration Load (0.1ms)[0m  [1m[34mSELECT "schema_migrations".* FROM "schema_migrations"[0m
Started GET "/" for ::1 at 2017-03-28 12:22:57 +1100
  [1m[36mActiveRecord::SchemaMigration Load (0.6ms)[0m  [1m[34mSELECT "schema_migrations".* FROM "schema_migrations"[0m
Processing by PagesController#home as HTML
Completed 401 Unauthorized in 30ms (ActiveRecord: 0.0ms)


Started GET "/users/sign_in" for ::1 at 2017-03-28 12:22:58 +1100
Processing by Devise::SessionsController#new as HTML
  Rendering /Users/damg99/.rvm/gems/ruby-2.4.0@rails500/gems/devise-4.2.1/app/views/devise/sessions/new.html.erb within layouts/application
  Rendered /Users/damg99/.rvm/gems/ruby-2.4.0@rails500/gems/devise-4.2.1/app/views/devise/shared/_links.html.erb (3.2ms)
  Rendered /Users/damg99/.rvm/gems/ruby-2.4.0@rails500/gems/devise-4.2.1/app/views/devise/sessions/new.html.erb within layouts/application (46.8ms)
Completed 200 OK in 496ms (Views: 472.4ms | ActiveRecord: 3.1ms)


Started GET "/users/auth/github" for ::1 at 2017-03-28 12:23:01 +1100
Started GET "/users/auth/github" for ::1 at 2017-03-28 12:23:04 +1100
Started GET "/users/auth/github/callback?code=b09819f5c7b772f025b7&state=a11f343f5ba839fc2e07904ba6798d27418b2c93b32f77d6" for ::1 at 2017-03-28 12:23:05 +1100
Processing by CallbacksController#github as HTML
  Parameters: {"code"=>"b09819f5c7b772f025b7", "state"=>"a11f343f5ba839fc2e07904ba6798d27418b2c93b32f77d6"}
  [1m[36mUser Load (0.7ms)[0m  [1m[34mSELECT  "users".* FROM "users" WHERE "users"."provider" = $1 AND "users"."uid" = $2 ORDER BY "users"."id" ASC LIMIT $3[0m  [["provider", "github"], ["uid", "24868986"], ["LIMIT", 1]]
Completed 500 Internal Server Error in 2ms (ActiveRecord: 0.7ms)


  
ActiveRecord::StatementInvalid (PG::UndefinedColumn: ERROR:  column users.provider does not exist
LINE 1: SELECT  "users".* FROM "users" WHERE "users"."provider" = $1...
                                             ^
: SELECT  "users".* FROM "users" WHERE "users"."provider" = $1 AND "users"."uid" = $2 ORDER BY "users"."id" ASC LIMIT $3):
  
app/models/user.rb:8:in `from_omniauth'
app/controllers/callbacks_controller.rb:3:in `github'
  Rendering /Users/damg99/.rvm/gems/ruby-2.4.0@rails500/gems/actionpack-5.0.2/lib/action_dispatch/middleware/templates/rescues/diagnostics.html.erb within rescues/layout
  Rendering /Users/damg99/.rvm/gems/ruby-2.4.0@rails500/gems/actionpack-5.0.2/lib/action_dispatch/middleware/templates/rescues/_source.html.erb
  Rendered /Users/damg99/.rvm/gems/ruby-2.4.0@rails500/gems/actionpack-5.0.2/lib/action_dispatch/middleware/templates/rescues/_source.html.erb (4.4ms)
  Rendering /Users/damg99/.rvm/gems/ruby-2.4.0@rails500/gems/actionpack-5.0.2/lib/action_dispatch/middleware/templates/rescues/_trace.html.erb
  Rendered /Users/damg99/.rvm/gems/ruby-2.4.0@rails500/gems/actionpack-5.0.2/lib/action_dispatch/middleware/templates/rescues/_trace.html.erb (2.8ms)
  Rendering /Users/damg99/.rvm/gems/ruby-2.4.0@rails500/gems/actionpack-5.0.2/lib/action_dispatch/middleware/templates/rescues/_request_and_response.html.erb
  Rendered /Users/damg99/.rvm/gems/ruby-2.4.0@rails500/gems/actionpack-5.0.2/lib/action_dispatch/middleware/templates/rescues/_request_and_response.html.erb (0.9ms)
  Rendered /Users/damg99/.rvm/gems/ruby-2.4.0@rails500/gems/actionpack-5.0.2/lib/action_dispatch/middleware/templates/rescues/diagnostics.html.erb within rescues/layout (81.1ms)
  [1m[35m (0.2ms)[0m  [1m[34mSELECT pg_try_advisory_lock(4404453393944909865);[0m
  [1m[36mActiveRecord::SchemaMigration Load (24.7ms)[0m  [1m[34mSELECT "schema_migrations".* FROM "schema_migrations"[0m
Migrating to AddColumnsToUsers (20170328013533)
  [1m[35m (0.1ms)[0m  [1m[35mBEGIN[0m
  [1m[35m (133.4ms)[0m  [1m[35mALTER TABLE "users" ADD "provider" character varying[0m
  [1m[35m (0.3ms)[0m  [1m[35mALTER TABLE "users" ADD "uid" character varying[0m
  [1m[35mSQL (6.2ms)[0m  [1m[32mINSERT INTO "schema_migrations" ("version") VALUES ($1) RETURNING "version"[0m  [["version", "20170328013533"]]
  [1m[35m (45.9ms)[0m  [1m[35mCOMMIT[0m
  [1m[36mActiveRecord::InternalMetadata Load (16.6ms)[0m  [1m[34mSELECT  "ar_internal_metadata".* FROM "ar_internal_metadata" WHERE "ar_internal_metadata"."key" = $1 LIMIT $2[0m  [["key", :environment], ["LIMIT", 1]]
  [1m[35m (0.1ms)[0m  [1m[35mBEGIN[0m
  [1m[35m (0.1ms)[0m  [1m[35mCOMMIT[0m
  [1m[35m (0.2ms)[0m  [1m[34mSELECT pg_advisory_unlock(4404453393944909865)[0m
  [1m[36mActiveRecord::SchemaMigration Load (0.2ms)[0m  [1m[34mSELECT "schema_migrations".* FROM "schema_migrations"[0m
Started GET "/" for ::1 at 2017-03-28 12:36:27 +1100
  [1m[36mActiveRecord::SchemaMigration Load (0.6ms)[0m  [1m[34mSELECT "schema_migrations".* FROM "schema_migrations"[0m
Processing by PagesController#home as HTML
Completed 401 Unauthorized in 33ms (ActiveRecord: 0.0ms)


Started GET "/users/sign_in" for ::1 at 2017-03-28 12:36:27 +1100
Processing by Devise::SessionsController#new as HTML
  Rendering /Users/damg99/.rvm/gems/ruby-2.4.0@rails500/gems/devise-4.2.1/app/views/devise/sessions/new.html.erb within layouts/application
  Rendered /Users/damg99/.rvm/gems/ruby-2.4.0@rails500/gems/devise-4.2.1/app/views/devise/shared/_links.html.erb (2.6ms)
  Rendered /Users/damg99/.rvm/gems/ruby-2.4.0@rails500/gems/devise-4.2.1/app/views/devise/sessions/new.html.erb within layouts/application (38.8ms)
Started GET "/" for ::1 at 2017-03-28 12:36:27 +1100
Processing by PagesController#home as HTML
Completed 401 Unauthorized in 1ms (ActiveRecord: 0.0ms)


Started GET "/users/sign_in" for ::1 at 2017-03-28 12:36:27 +1100
Processing by Devise::SessionsController#new as HTML
  Rendering /Users/damg99/.rvm/gems/ruby-2.4.0@rails500/gems/devise-4.2.1/app/views/devise/sessions/new.html.erb within layouts/application
  Rendered /Users/damg99/.rvm/gems/ruby-2.4.0@rails500/gems/devise-4.2.1/app/views/devise/shared/_links.html.erb (1.1ms)
  Rendered /Users/damg99/.rvm/gems/ruby-2.4.0@rails500/gems/devise-4.2.1/app/views/devise/sessions/new.html.erb within layouts/application (7.9ms)
Completed 200 OK in 505ms (Views: 473.5ms | ActiveRecord: 5.2ms)


Completed 200 OK in 262ms (Views: 261.5ms | ActiveRecord: 0.0ms)


Started GET "/users/auth/github" for ::1 at 2017-03-28 12:36:33 +1100
Started GET "/users/auth/github" for ::1 at 2017-03-28 12:36:36 +1100
Started GET "/users/auth/github/callback?code=7e2c9fb9a2c137a65837&state=3f366a970019d87e78351810b14ae56f6bcc0f505714bc33" for ::1 at 2017-03-28 12:36:37 +1100
Processing by CallbacksController#github as HTML
  Parameters: {"code"=>"7e2c9fb9a2c137a65837", "state"=>"3f366a970019d87e78351810b14ae56f6bcc0f505714bc33"}
  [1m[36mUser Load (23.0ms)[0m  [1m[34mSELECT  "users".* FROM "users" WHERE "users"."provider" = $1 AND "users"."uid" = $2 ORDER BY "users"."id" ASC LIMIT $3[0m  [["provider", "github"], ["uid", "24868986"], ["LIMIT", 1]]
  [1m[35m (0.2ms)[0m  [1m[35mBEGIN[0m
  [1m[36mUser Exists (5.7ms)[0m  [1m[34mSELECT  1 AS one FROM "users" WHERE "users"."email" = $1 LIMIT $2[0m  [["email", "#<omniauth::authhash email=\"dan.martin99@me.com\" primary=true verified=true visibility=\"public\">"], ["LIMIT", 1]]
  [1m[35m (0.2ms)[0m  [1m[31mROLLBACK[0m
  [1m[35m (0.1ms)[0m  [1m[35mBEGIN[0m
  [1m[35mSQL (18.0ms)[0m  [1m[32mINSERT INTO "users" ("email", "encrypted_password", "sign_in_count", "current_sign_in_at", "last_sign_in_at", "current_sign_in_ip", "last_sign_in_ip", "created_at", "updated_at", "provider", "uid") VALUES ($1, $2, $3, $4, $5, $6, $7, $8, $9, $10, $11) RETURNING "id"[0m  [["email", "#<omniauth::authhash email=\"dan.martin99@me.com\" primary=true verified=true visibility=\"public\">"], ["encrypted_password", "$2a$11$/iKEX.QkGPei1O11ye827OZ7BvQo9PyM9.u.wSM8Ajbih7TPGcwjS"], ["sign_in_count", 1], ["current_sign_in_at", 2017-03-28 01:36:42 UTC], ["last_sign_in_at", 2017-03-28 01:36:42 UTC], ["current_sign_in_ip", "::1/128"], ["last_sign_in_ip", "::1/128"], ["created_at", 2017-03-28 01:36:42 UTC], ["updated_at", 2017-03-28 01:36:42 UTC], ["provider", "github"], ["uid", "24868986"]]
  [1m[35m (0.5ms)[0m  [1m[35mCOMMIT[0m
Redirected to http://localhost:3000/
Completed 302 Found in 233ms (ActiveRecord: 47.7ms)


Started GET "/" for ::1 at 2017-03-28 12:36:42 +1100
Processing by PagesController#home as HTML
  [1m[36mUser Load (0.7ms)[0m  [1m[34mSELECT  "users".* FROM "users" WHERE "users"."id" IS NULL ORDER BY "users"."id" ASC LIMIT $1[0m  [["LIMIT", 1]]
Completed 401 Unauthorized in 2ms (ActiveRecord: 0.7ms)


Started GET "/users/sign_in" for ::1 at 2017-03-28 12:36:42 +1100
Processing by Devise::SessionsController#new as HTML
  Rendering /Users/damg99/.rvm/gems/ruby-2.4.0@rails500/gems/devise-4.2.1/app/views/devise/sessions/new.html.erb within layouts/application
  Rendered /Users/damg99/.rvm/gems/ruby-2.4.0@rails500/gems/devise-4.2.1/app/views/devise/shared/_links.html.erb (0.8ms)
  Rendered /Users/damg99/.rvm/gems/ruby-2.4.0@rails500/gems/devise-4.2.1/app/views/devise/sessions/new.html.erb within layouts/application (4.8ms)
Completed 200 OK in 29ms (Views: 28.5ms | ActiveRecord: 0.0ms)


Started GET "/users/auth/github" for ::1 at 2017-03-28 12:37:28 +1100
Started GET "/users/auth/github" for ::1 at 2017-03-28 12:37:31 +1100
Started GET "/users/auth/github/callback?code=8d39b77a73393870aa11&state=4b5fbe63c1ecc1d3a5c5280e7f4827252fbc81bd6f4a3238" for ::1 at 2017-03-28 12:37:32 +1100
Processing by CallbacksController#github as HTML
  Parameters: {"code"=>"8d39b77a73393870aa11", "state"=>"4b5fbe63c1ecc1d3a5c5280e7f4827252fbc81bd6f4a3238"}
  [1m[36mUser Load (1.6ms)[0m  [1m[34mSELECT  "users".* FROM "users" WHERE "users"."provider" = $1 AND "users"."uid" = $2 ORDER BY "users"."id" ASC LIMIT $3[0m  [["provider", "github"], ["uid", "24868986"], ["LIMIT", 1]]
  [1m[35m (0.1ms)[0m  [1m[35mBEGIN[0m
  [1m[35mSQL (2.7ms)[0m  [1m[33mUPDATE "users" SET "current_sign_in_at" = $1, "sign_in_count" = $2, "updated_at" = $3 WHERE "users"."id" = $4[0m  [["current_sign_in_at", 2017-03-28 01:37:36 UTC], ["sign_in_count", 2], ["updated_at", 2017-03-28 01:37:36 UTC], ["id", 2]]
  [1m[35m (0.5ms)[0m  [1m[35mCOMMIT[0m
Redirected to http://localhost:3000/
Completed 302 Found in 10ms (ActiveRecord: 4.9ms)


Started GET "/" for ::1 at 2017-03-28 12:37:36 +1100
Processing by PagesController#home as HTML
  [1m[36mUser Load (0.9ms)[0m  [1m[34mSELECT  "users".* FROM "users" WHERE "users"."id" = $1 ORDER BY "users"."id" ASC LIMIT $2[0m  [["id", 2], ["LIMIT", 1]]
  Rendering pages/home.html.erb within layouts/application
  Rendered pages/home.html.erb within layouts/application (0.5ms)
Completed 200 OK in 30ms (Views: 25.9ms | ActiveRecord: 0.9ms)


Started GET "/posts" for ::1 at 2017-03-28 12:37:45 +1100
Processing by PostsController#index as HTML
  [1m[36mUser Load (0.5ms)[0m  [1m[34mSELECT  "users".* FROM "users" WHERE "users"."id" = $1 ORDER BY "users"."id" ASC LIMIT $2[0m  [["id", 2], ["LIMIT", 1]]
  Rendering posts/index.html.erb within layouts/application
  [1m[36mPost Load (22.9ms)[0m  [1m[34mSELECT "posts".* FROM "posts"[0m
  [1m[36mUser Load (0.4ms)[0m  [1m[34mSELECT  "users".* FROM "users" WHERE "users"."id" = $1 LIMIT $2[0m  [["id", 1], ["LIMIT", 1]]
  Rendered posts/index.html.erb within layouts/application (64.8ms)
Completed 200 OK in 122ms (Views: 59.8ms | ActiveRecord: 28.1ms)


Started GET "/posts/new" for ::1 at 2017-03-28 12:37:50 +1100
Processing by PostsController#new as HTML
  [1m[36mUser Load (0.5ms)[0m  [1m[34mSELECT  "users".* FROM "users" WHERE "users"."id" = $1 ORDER BY "users"."id" ASC LIMIT $2[0m  [["id", 2], ["LIMIT", 1]]
  Rendering posts/new.html.erb within layouts/application
  Rendered posts/_form.html.erb (6.6ms)
  Rendered posts/new.html.erb within layouts/application (9.7ms)
Completed 200 OK in 39ms (Views: 34.0ms | ActiveRecord: 0.5ms)


Started POST "/posts" for ::1 at 2017-03-28 12:38:20 +1100
Processing by PostsController#create as HTML
  Parameters: {"utf8"=>"✓", "authenticity_token"=>"q4M1YKOYgHJBGWlBDAnnyGRbwkdwM7OXk7gYGY6dEs6OwZamtHPHWyg+NSmtCjy44VlKLgFNZzDWCBqLIhcotw==", "post"=>{"title"=>"logged in GitHub", "content"=>"looks like github log i works\r\n"}, "commit"=>"Create Post"}
  [1m[36mUser Load (0.9ms)[0m  [1m[34mSELECT  "users".* FROM "users" WHERE "users"."id" = $1 ORDER BY "users"."id" ASC LIMIT $2[0m  [["id", 2], ["LIMIT", 1]]
  [1m[35m (0.1ms)[0m  [1m[35mBEGIN[0m
  [1m[36mUser Load (0.2ms)[0m  [1m[34mSELECT  "users".* FROM "users" WHERE "users"."id" = $1 LIMIT $2[0m  [["id", 2], ["LIMIT", 1]]
  [1m[35mSQL (8.8ms)[0m  [1m[32mINSERT INTO "posts" ("title", "content", "user_id", "created_at", "updated_at") VALUES ($1, $2, $3, $4, $5) RETURNING "id"[0m  [["title", "logged in GitHub"], ["content", "looks like github log i works\r\n"], ["user_id", 2], ["created_at", 2017-03-28 01:38:20 UTC], ["updated_at", 2017-03-28 01:38:20 UTC]]
  [1m[35m (0.5ms)[0m  [1m[35mCOMMIT[0m
Redirected to http://localhost:3000/posts
Completed 302 Found in 17ms (ActiveRecord: 10.6ms)


Started GET "/posts" for ::1 at 2017-03-28 12:38:20 +1100
Processing by PostsController#index as HTML
  [1m[36mUser Load (0.4ms)[0m  [1m[34mSELECT  "users".* FROM "users" WHERE "users"."id" = $1 ORDER BY "users"."id" ASC LIMIT $2[0m  [["id", 2], ["LIMIT", 1]]
  Rendering posts/index.html.erb within layouts/application
  [1m[36mPost Load (0.6ms)[0m  [1m[34mSELECT "posts".* FROM "posts"[0m
  [1m[36mUser Load (0.3ms)[0m  [1m[34mSELECT  "users".* FROM "users" WHERE "users"."id" = $1 LIMIT $2[0m  [["id", 1], ["LIMIT", 1]]
  [1m[36mUser Load (0.3ms)[0m  [1m[34mSELECT  "users".* FROM "users" WHERE "users"."id" = $1 LIMIT $2[0m  [["id", 2], ["LIMIT", 1]]
  Rendered posts/index.html.erb within layouts/application (6.1ms)
Completed 200 OK in 31ms (Views: 26.9ms | ActiveRecord: 1.8ms)


Started GET "/" for ::1 at 2017-03-28 13:50:24 +1100
Processing by PagesController#home as HTML
  [1m[36mUser Load (0.9ms)[0m  [1m[34mSELECT  "users".* FROM "users" WHERE "users"."id" = $1 ORDER BY "users"."id" ASC LIMIT $2[0m  [["id", 2], ["LIMIT", 1]]
  Rendering pages/home.html.erb within layouts/application
  Rendered pages/home.html.erb within layouts/application (4.1ms)
Completed 200 OK in 97ms (Views: 76.6ms | ActiveRecord: 0.9ms)


Started GET "/posts" for ::1 at 2017-03-28 13:50:29 +1100
Processing by PostsController#index as HTML
  [1m[36mUser Load (4.2ms)[0m  [1m[34mSELECT  "users".* FROM "users" WHERE "users"."id" = $1 ORDER BY "users"."id" ASC LIMIT $2[0m  [["id", 2], ["LIMIT", 1]]
  Rendering posts/index.html.erb within layouts/application
  [1m[36mPost Load (0.4ms)[0m  [1m[34mSELECT "posts".* FROM "posts"[0m
  [1m[36mUser Load (0.5ms)[0m  [1m[34mSELECT  "users".* FROM "users" WHERE "users"."id" = $1 LIMIT $2[0m  [["id", 1], ["LIMIT", 1]]
  [1m[36mUser Load (0.3ms)[0m  [1m[34mSELECT  "users".* FROM "users" WHERE "users"."id" = $1 LIMIT $2[0m  [["id", 2], ["LIMIT", 1]]
  Rendered posts/index.html.erb within layouts/application (9.6ms)
Completed 200 OK in 56ms (Views: 39.5ms | ActiveRecord: 5.4ms)


Started GET "/" for ::1 at 2017-03-28 13:50:45 +1100
Processing by PagesController#home as HTML
Completed 401 Unauthorized in 1ms (ActiveRecord: 0.0ms)


Started GET "/users/sign_in" for ::1 at 2017-03-28 13:50:45 +1100
Processing by Devise::SessionsController#new as HTML
  Rendering /Users/damg99/.rvm/gems/ruby-2.4.0@rails500/gems/devise-4.2.1/app/views/devise/sessions/new.html.erb within layouts/application
  Rendered /Users/damg99/.rvm/gems/ruby-2.4.0@rails500/gems/devise-4.2.1/app/views/devise/shared/_links.html.erb (2.1ms)
  Rendered /Users/damg99/.rvm/gems/ruby-2.4.0@rails500/gems/devise-4.2.1/app/views/devise/sessions/new.html.erb within layouts/application (12.6ms)
Completed 200 OK in 55ms (Views: 53.4ms | ActiveRecord: 0.0ms)


Started GET "/users/auth/github" for ::1 at 2017-03-28 13:50:50 +1100
Started GET "/users/auth/github" for ::1 at 2017-03-28 13:50:53 +1100
Started GET "/users/auth/github/callback?code=25206f7780fbdcb77055&state=6c3c362f422dcf907223e5fb7241af687e51a42fd4c84b42" for ::1 at 2017-03-28 13:51:04 +1100
Processing by CallbacksController#github as HTML
  Parameters: {"code"=>"25206f7780fbdcb77055", "state"=>"6c3c362f422dcf907223e5fb7241af687e51a42fd4c84b42"}
  [1m[36mUser Load (1.6ms)[0m  [1m[34mSELECT  "users".* FROM "users" WHERE "users"."provider" = $1 AND "users"."uid" = $2 ORDER BY "users"."id" ASC LIMIT $3[0m  [["provider", "github"], ["uid", "24868986"], ["LIMIT", 1]]
  [1m[35m (0.1ms)[0m  [1m[35mBEGIN[0m
  [1m[35mSQL (0.5ms)[0m  [1m[33mUPDATE "users" SET "current_sign_in_at" = $1, "last_sign_in_at" = $2, "sign_in_count" = $3, "updated_at" = $4 WHERE "users"."id" = $5[0m  [["current_sign_in_at", 2017-03-28 02:51:08 UTC], ["last_sign_in_at", 2017-03-28 01:37:36 UTC], ["sign_in_count", 3], ["updated_at", 2017-03-28 02:51:08 UTC], ["id", 2]]
  [1m[35m (1.9ms)[0m  [1m[35mCOMMIT[0m
Redirected to http://localhost:3000/
Completed 302 Found in 13ms (ActiveRecord: 4.1ms)


Started GET "/" for ::1 at 2017-03-28 13:51:08 +1100
Processing by PagesController#home as HTML
  [1m[36mUser Load (0.3ms)[0m  [1m[34mSELECT  "users".* FROM "users" WHERE "users"."id" = $1 ORDER BY "users"."id" ASC LIMIT $2[0m  [["id", 2], ["LIMIT", 1]]
  Rendering pages/home.html.erb within layouts/application
  Rendered pages/home.html.erb within layouts/application (0.7ms)
Completed 200 OK in 58ms (Views: 54.3ms | ActiveRecord: 0.3ms)


Started GET "/posts" for ::1 at 2017-03-28 13:51:15 +1100
Processing by PostsController#index as HTML
  [1m[36mUser Load (1.0ms)[0m  [1m[34mSELECT  "users".* FROM "users" WHERE "users"."id" = $1 ORDER BY "users"."id" ASC LIMIT $2[0m  [["id", 2], ["LIMIT", 1]]
  Rendering posts/index.html.erb within layouts/application
  [1m[36mPost Load (1.1ms)[0m  [1m[34mSELECT "posts".* FROM "posts"[0m
  [1m[36mUser Load (0.4ms)[0m  [1m[34mSELECT  "users".* FROM "users" WHERE "users"."id" = $1 LIMIT $2[0m  [["id", 1], ["LIMIT", 1]]
  [1m[36mUser Load (0.2ms)[0m  [1m[34mSELECT  "users".* FROM "users" WHERE "users"."id" = $1 LIMIT $2[0m  [["id", 2], ["LIMIT", 1]]
  Rendered posts/index.html.erb within layouts/application (7.2ms)
Completed 200 OK in 38ms (Views: 29.9ms | ActiveRecord: 2.9ms)


Started GET "/posts" for ::1 at 2017-03-28 13:52:53 +1100
Processing by PostsController#index as HTML
  [1m[36mUser Load (0.6ms)[0m  [1m[34mSELECT  "users".* FROM "users" WHERE "users"."id" = $1 ORDER BY "users"."id" ASC LIMIT $2[0m  [["id", 2], ["LIMIT", 1]]
  Rendering posts/index.html.erb within layouts/application
  [1m[36mPost Load (0.3ms)[0m  [1m[34mSELECT "posts".* FROM "posts"[0m
  [1m[36mUser Load (0.2ms)[0m  [1m[34mSELECT  "users".* FROM "users" WHERE "users"."id" = $1 LIMIT $2[0m  [["id", 1], ["LIMIT", 1]]
  [1m[36mUser Load (0.2ms)[0m  [1m[34mSELECT  "users".* FROM "users" WHERE "users"."id" = $1 LIMIT $2[0m  [["id", 2], ["LIMIT", 1]]
  Rendered posts/index.html.erb within layouts/application (5.3ms)
Completed 200 OK in 54ms (Views: 49.0ms | ActiveRecord: 1.2ms)


Started GET "/comments/1" for ::1 at 2017-03-28 16:32:20 +1100
  [1m[36mActiveRecord::SchemaMigration Load (0.4ms)[0m  [1m[34mSELECT "schema_migrations".* FROM "schema_migrations"[0m
Processing by CommentsController#show as HTML
  Parameters: {"id"=>"1"}
  [1m[36mUser Load (0.4ms)[0m  [1m[34mSELECT  "users".* FROM "users" WHERE "users"."id" = $1 ORDER BY "users"."id" ASC LIMIT $2[0m  [["id", 2], ["LIMIT", 1]]
  [1m[36mComment Load (20.8ms)[0m  [1m[34mSELECT  "comments".* FROM "comments" WHERE "comments"."id" = $1 LIMIT $2[0m  [["id", 1], ["LIMIT", 1]]
  Rendering comments/show.html.erb within layouts/application
  [1m[36mPost Load (0.2ms)[0m  [1m[34mSELECT  "posts".* FROM "posts" WHERE "posts"."id" = $1 LIMIT $2[0m  [["id", 1], ["LIMIT", 1]]
  [1m[36mUser Load (0.3ms)[0m  [1m[34mSELECT  "users".* FROM "users" WHERE "users"."id" = $1 LIMIT $2[0m  [["id", 1], ["LIMIT", 1]]
  Rendered comments/show.html.erb within layouts/application (26.0ms)
Completed 200 OK in 168ms (Views: 67.6ms | ActiveRecord: 47.8ms)


Started GET "/comments" for ::1 at 2017-03-28 16:32:23 +1100
Processing by CommentsController#index as HTML
  [1m[36mUser Load (0.6ms)[0m  [1m[34mSELECT  "users".* FROM "users" WHERE "users"."id" = $1 ORDER BY "users"."id" ASC LIMIT $2[0m  [["id", 2], ["LIMIT", 1]]
  Rendering comments/index.html.erb within layouts/application
  [1m[36mComment Load (1.3ms)[0m  [1m[34mSELECT "comments".* FROM "comments"[0m
  [1m[36mPost Load (0.4ms)[0m  [1m[34mSELECT  "posts".* FROM "posts" WHERE "posts"."id" = $1 LIMIT $2[0m  [["id", 1], ["LIMIT", 1]]
  [1m[36mUser Load (0.2ms)[0m  [1m[34mSELECT  "users".* FROM "users" WHERE "users"."id" = $1 LIMIT $2[0m  [["id", 1], ["LIMIT", 1]]
  Rendered comments/index.html.erb within layouts/application (8.0ms)
Completed 200 OK in 37ms (Views: 28.3ms | ActiveRecord: 2.5ms)


Started GET "/" for ::1 at 2017-03-28 16:32:33 +1100
Processing by PagesController#home as HTML
  [1m[36mUser Load (1.6ms)[0m  [1m[34mSELECT  "users".* FROM "users" WHERE "users"."id" = $1 ORDER BY "users"."id" ASC LIMIT $2[0m  [["id", 2], ["LIMIT", 1]]
  Rendering pages/home.html.erb within layouts/application
  Rendered pages/home.html.erb within layouts/application (0.6ms)
Completed 200 OK in 33ms (Views: 27.5ms | ActiveRecord: 1.6ms)


Started GET "/" for ::1 at 2017-03-28 16:32:34 +1100
Processing by PagesController#home as HTML
  [1m[36mUser Load (0.4ms)[0m  [1m[34mSELECT  "users".* FROM "users" WHERE "users"."id" = $1 ORDER BY "users"."id" ASC LIMIT $2[0m  [["id", 2], ["LIMIT", 1]]
  Rendering pages/home.html.erb within layouts/application
  Rendered pages/home.html.erb within layouts/application (0.4ms)
Completed 200 OK in 24ms (Views: 21.0ms | ActiveRecord: 0.4ms)


Started GET "/posts" for ::1 at 2017-03-28 16:32:43 +1100
Processing by PostsController#index as HTML
  [1m[36mUser Load (0.7ms)[0m  [1m[34mSELECT  "users".* FROM "users" WHERE "users"."id" = $1 ORDER BY "users"."id" ASC LIMIT $2[0m  [["id", 2], ["LIMIT", 1]]
  Rendering posts/index.html.erb within layouts/application
  [1m[36mPost Load (0.4ms)[0m  [1m[34mSELECT "posts".* FROM "posts"[0m
  [1m[36mUser Load (0.4ms)[0m  [1m[34mSELECT  "users".* FROM "users" WHERE "users"."id" = $1 LIMIT $2[0m  [["id", 1], ["LIMIT", 1]]
  [1m[36mUser Load (0.2ms)[0m  [1m[34mSELECT  "users".* FROM "users" WHERE "users"."id" = $1 LIMIT $2[0m  [["id", 2], ["LIMIT", 1]]
  Rendered posts/index.html.erb within layouts/application (6.0ms)
Completed 200 OK in 34ms (Views: 27.8ms | ActiveRecord: 1.6ms)


Started GET "/" for ::1 at 2017-03-28 16:32:58 +1100
Processing by PagesController#home as HTML
Completed 401 Unauthorized in 0ms (ActiveRecord: 0.0ms)


Started GET "/users/sign_in" for ::1 at 2017-03-28 16:32:58 +1100
Processing by Devise::SessionsController#new as HTML
  Rendering /Users/damg99/.rvm/gems/ruby-2.4.0@rails500/gems/devise-4.2.1/app/views/devise/sessions/new.html.erb within layouts/application
  Rendered /Users/damg99/.rvm/gems/ruby-2.4.0@rails500/gems/devise-4.2.1/app/views/devise/shared/_links.html.erb (1.3ms)
  Rendered /Users/damg99/.rvm/gems/ruby-2.4.0@rails500/gems/devise-4.2.1/app/views/devise/sessions/new.html.erb within layouts/application (7.4ms)
Completed 200 OK in 37ms (Views: 35.9ms | ActiveRecord: 0.0ms)


Started GET "/users/auth/github" for ::1 at 2017-03-28 16:33:03 +1100
Started GET "/users/auth/github" for ::1 at 2017-03-28 16:33:05 +1100
Started GET "/users/auth/github/callback?code=3a9317f70147d0ecaf20&state=bcd459080a2d411e56072a2ab3090c8c89a5564b7967e83f" for ::1 at 2017-03-28 16:33:12 +1100
Processing by CallbacksController#github as HTML
  Parameters: {"code"=>"3a9317f70147d0ecaf20", "state"=>"bcd459080a2d411e56072a2ab3090c8c89a5564b7967e83f"}
  [1m[36mUser Load (0.9ms)[0m  [1m[34mSELECT  "users".* FROM "users" WHERE "users"."provider" = $1 AND "users"."uid" = $2 ORDER BY "users"."id" ASC LIMIT $3[0m  [["provider", "github"], ["uid", "24868986"], ["LIMIT", 1]]
  [1m[35m (0.1ms)[0m  [1m[35mBEGIN[0m
  [1m[35mSQL (0.4ms)[0m  [1m[33mUPDATE "users" SET "current_sign_in_at" = $1, "last_sign_in_at" = $2, "sign_in_count" = $3, "updated_at" = $4 WHERE "users"."id" = $5[0m  [["current_sign_in_at", 2017-03-28 05:33:16 UTC], ["last_sign_in_at", 2017-03-28 02:51:08 UTC], ["sign_in_count", 4], ["updated_at", 2017-03-28 05:33:16 UTC], ["id", 2]]
  [1m[35m (7.4ms)[0m  [1m[35mCOMMIT[0m
Redirected to http://localhost:3000/
Completed 302 Found in 14ms (ActiveRecord: 8.8ms)


Started GET "/" for ::1 at 2017-03-28 16:33:16 +1100
Processing by PagesController#home as HTML
  [1m[36mUser Load (0.5ms)[0m  [1m[34mSELECT  "users".* FROM "users" WHERE "users"."id" = $1 ORDER BY "users"."id" ASC LIMIT $2[0m  [["id", 2], ["LIMIT", 1]]
  Rendering pages/home.html.erb within layouts/application
  Rendered pages/home.html.erb within layouts/application (0.8ms)
Completed 200 OK in 38ms (Views: 33.7ms | ActiveRecord: 0.5ms)


Started GET "/" for ::1 at 2017-03-28 16:34:20 +1100
  [1m[36mActiveRecord::SchemaMigration Load (11.9ms)[0m  [1m[34mSELECT "schema_migrations".* FROM "schema_migrations"[0m
Processing by PagesController#home as HTML
Completed 401 Unauthorized in 26ms (ActiveRecord: 0.0ms)


Started GET "/users/sign_in" for ::1 at 2017-03-28 16:34:20 +1100
Processing by Devise::SessionsController#new as HTML
  Rendering /Users/damg99/.rvm/gems/ruby-2.4.0@rails500/gems/devise-4.2.1/app/views/devise/sessions/new.html.erb within layouts/application
  Rendered /Users/damg99/.rvm/gems/ruby-2.4.0@rails500/gems/devise-4.2.1/app/views/devise/shared/_links.html.erb (1.5ms)
  Rendered /Users/damg99/.rvm/gems/ruby-2.4.0@rails500/gems/devise-4.2.1/app/views/devise/sessions/new.html.erb within layouts/application (37.7ms)
Completed 200 OK in 495ms (Views: 451.7ms | ActiveRecord: 11.1ms)


Started GET "/users/auth/github" for ::1 at 2017-03-28 16:34:24 +1100
Started GET "/users/auth/github" for ::1 at 2017-03-28 16:34:27 +1100
Started GET "/" for ::1 at 2017-03-28 16:42:08 +1100
  [1m[36mActiveRecord::SchemaMigration Load (18.4ms)[0m  [1m[34mSELECT "schema_migrations".* FROM "schema_migrations"[0m
Processing by PagesController#home as HTML
Completed 401 Unauthorized in 27ms (ActiveRecord: 0.0ms)


Started GET "/users/sign_in" for ::1 at 2017-03-28 16:42:09 +1100
Processing by Devise::SessionsController#new as HTML
  Rendering /Users/damg99/.rvm/gems/ruby-2.4.0@rails500/gems/devise-4.2.1/app/views/devise/sessions/new.html.erb within layouts/application
  Rendered /Users/damg99/.rvm/gems/ruby-2.4.0@rails500/gems/devise-4.2.1/app/views/devise/shared/_links.html.erb (2.1ms)
  Rendered /Users/damg99/.rvm/gems/ruby-2.4.0@rails500/gems/devise-4.2.1/app/views/devise/sessions/new.html.erb within layouts/application (40.4ms)
Completed 200 OK in 493ms (Views: 445.5ms | ActiveRecord: 21.7ms)


Started GET "/users/auth/github" for ::1 at 2017-03-28 16:42:12 +1100
Started GET "/users/auth/github" for ::1 at 2017-03-28 16:42:15 +1100
Started GET "/users/auth/github/callback?code=9709fb80f4aef453965c&state=136ff3a2468d7d4cc0583462f942ff417ed528aa7ed577eb" for ::1 at 2017-03-28 16:42:23 +1100
Processing by CallbacksController#github as HTML
  Parameters: {"code"=>"9709fb80f4aef453965c", "state"=>"136ff3a2468d7d4cc0583462f942ff417ed528aa7ed577eb"}
  [1m[36mUser Load (23.3ms)[0m  [1m[34mSELECT  "users".* FROM "users" WHERE "users"."provider" = $1 AND "users"."uid" = $2 ORDER BY "users"."id" ASC LIMIT $3[0m  [["provider", "github"], ["uid", "24868986"], ["LIMIT", 1]]
  [1m[35m (0.2ms)[0m  [1m[35mBEGIN[0m
  [1m[35mSQL (0.5ms)[0m  [1m[33mUPDATE "users" SET "current_sign_in_at" = $1, "last_sign_in_at" = $2, "sign_in_count" = $3, "updated_at" = $4 WHERE "users"."id" = $5[0m  [["current_sign_in_at", 2017-03-28 05:42:27 UTC], ["last_sign_in_at", 2017-03-28 05:33:16 UTC], ["sign_in_count", 5], ["updated_at", 2017-03-28 05:42:27 UTC], ["id", 2]]
  [1m[35m (1.1ms)[0m  [1m[35mCOMMIT[0m
Redirected to http://localhost:3000/
Completed 302 Found in 31ms (ActiveRecord: 25.0ms)


Started GET "/" for ::1 at 2017-03-28 16:42:27 +1100
Processing by PagesController#home as HTML
  [1m[36mUser Load (0.4ms)[0m  [1m[34mSELECT  "users".* FROM "users" WHERE "users"."id" = $1 ORDER BY "users"."id" ASC LIMIT $2[0m  [["id", 2], ["LIMIT", 1]]
  Rendering pages/home.html.erb within layouts/application
  Rendered pages/home.html.erb within layouts/application (0.5ms)
Completed 200 OK in 25ms (Views: 20.5ms | ActiveRecord: 0.4ms)


Started GET "/" for ::1 at 2017-03-29 08:29:08 +1100
  [1m[36mActiveRecord::SchemaMigration Load (12.4ms)[0m  [1m[34mSELECT "schema_migrations".* FROM "schema_migrations"[0m
Processing by PagesController#home as HTML
Completed 401 Unauthorized in 26ms (ActiveRecord: 0.0ms)


Started GET "/users/sign_in" for ::1 at 2017-03-29 08:29:08 +1100
Processing by Devise::SessionsController#new as HTML
  Rendering /Users/damg99/.rvm/gems/ruby-2.4.0@rails500/gems/devise-4.2.1/app/views/devise/sessions/new.html.erb within layouts/application
  Rendered /Users/damg99/.rvm/gems/ruby-2.4.0@rails500/gems/devise-4.2.1/app/views/devise/shared/_links.html.erb (2.1ms)
  Rendered /Users/damg99/.rvm/gems/ruby-2.4.0@rails500/gems/devise-4.2.1/app/views/devise/sessions/new.html.erb within layouts/application (43.5ms)
Completed 200 OK in 362ms (Views: 319.1ms | ActiveRecord: 17.1ms)


Started GET "/users/auth/github" for ::1 at 2017-03-29 08:29:12 +1100
Started GET "/users/auth/github" for ::1 at 2017-03-29 08:29:15 +1100
Started GET "/users/auth/github/callback?code=aef221c4c606fae2ae4f&state=7ab70d67131313e25570426f7cabce2426a56771187e0660" for ::1 at 2017-03-29 08:29:21 +1100
Processing by CallbacksController#github as HTML
  Parameters: {"code"=>"aef221c4c606fae2ae4f", "state"=>"7ab70d67131313e25570426f7cabce2426a56771187e0660"}
  [1m[36mUser Load (19.7ms)[0m  [1m[34mSELECT  "users".* FROM "users" WHERE "users"."provider" = $1 AND "users"."uid" = $2 ORDER BY "users"."id" ASC LIMIT $3[0m  [["provider", "github"], ["uid", "24868986"], ["LIMIT", 1]]
  [1m[35m (0.2ms)[0m  [1m[35mBEGIN[0m
  [1m[35mSQL (0.6ms)[0m  [1m[33mUPDATE "users" SET "current_sign_in_at" = $1, "last_sign_in_at" = $2, "sign_in_count" = $3, "updated_at" = $4 WHERE "users"."id" = $5[0m  [["current_sign_in_at", 2017-03-28 21:29:25 UTC], ["last_sign_in_at", 2017-03-28 05:42:27 UTC], ["sign_in_count", 6], ["updated_at", 2017-03-28 21:29:25 UTC], ["id", 2]]
  [1m[35m (0.7ms)[0m  [1m[35mCOMMIT[0m
Redirected to http://localhost:3000/
Completed 302 Found in 28ms (ActiveRecord: 21.2ms)


Started GET "/" for ::1 at 2017-03-29 08:29:25 +1100
Processing by PagesController#home as HTML
  [1m[36mUser Load (1.1ms)[0m  [1m[34mSELECT  "users".* FROM "users" WHERE "users"."id" = $1 ORDER BY "users"."id" ASC LIMIT $2[0m  [["id", 2], ["LIMIT", 1]]
  Rendering pages/home.html.erb within layouts/application
  Rendered pages/home.html.erb within layouts/application (0.6ms)
Completed 200 OK in 28ms (Views: 23.2ms | ActiveRecord: 1.1ms)


Started GET "/posts" for ::1 at 2017-03-29 08:29:29 +1100
Processing by PostsController#index as HTML
  [1m[36mUser Load (1.7ms)[0m  [1m[34mSELECT  "users".* FROM "users" WHERE "users"."id" = $1 ORDER BY "users"."id" ASC LIMIT $2[0m  [["id", 2], ["LIMIT", 1]]
  Rendering posts/index.html.erb within layouts/application
  [1m[36mPost Load (17.6ms)[0m  [1m[34mSELECT "posts".* FROM "posts"[0m
  [1m[36mUser Load (0.2ms)[0m  [1m[34mSELECT  "users".* FROM "users" WHERE "users"."id" = $1 LIMIT $2[0m  [["id", 1], ["LIMIT", 1]]
  [1m[36mUser Load (0.2ms)[0m  [1m[34mSELECT  "users".* FROM "users" WHERE "users"."id" = $1 LIMIT $2[0m  [["id", 2], ["LIMIT", 1]]
  Rendered posts/index.html.erb within layouts/application (54.9ms)
Completed 200 OK in 101ms (Views: 55.9ms | ActiveRecord: 21.7ms)


